# JRE version: Java(TM) SE Runtime Environment (8.0_231-b11) (build 1.8.0_231-b11)
# Java VM: Java HotSpot(TM) 64-Bit Server VM (25.231-b11 mixed mode windows-amd64 compressed oops)
Heap:
 PSYoungGen      total 106496K, used 26261K [0x0000000780980000, 0x0000000787980000, 0x00000007c0000000)
  eden space 98304K, 18% used [0x0000000780980000,0x0000000781b2d600,0x0000000786980000)
  from space 8192K, 99% used [0x0000000787180000,0x0000000787978020,0x0000000787980000)
  to   space 8192K, 0% used [0x0000000786980000,0x0000000786980000,0x0000000787180000)
 ParOldGen       total 131072K, used 1752K [0x0000000701c00000, 0x0000000709c00000, 0x0000000780980000)
  object space 131072K, 1% used [0x0000000701c00000,0x0000000701db63e8,0x0000000709c00000)
 Metaspace       used 14746K, capacity 15062K, committed 15488K, reserved 1062912K
  class space    used 1713K, capacity 1795K, committed 1920K, reserved 1048576K
GC Heap History (8 events):
Event: 1.988 GC heap before
{Heap before GC invocations=1 (full 0):
 PSYoungGen      total 57344K, used 49152K [0x0000000780980000, 0x0000000784980000, 0x00000007c0000000)
  eden space 49152K, 100% used [0x0000000780980000,0x0000000783980000,0x0000000783980000)
  from space 8192K, 0% used [0x0000000784180000,0x0000000784180000,0x0000000784980000)
  to   space 8192K, 0% used [0x0000000783980000,0x0000000783980000,0x0000000784180000)
 ParOldGen       total 131072K, used 0K [0x0000000701c00000, 0x0000000709c00000, 0x0000000780980000)
  object space 131072K, 0% used [0x0000000701c00000,0x0000000701c00000,0x0000000709c00000)
 Metaspace       used 9820K, capacity 10024K, committed 10368K, reserved 1058816K
  class space    used 1257K, capacity 1313K, committed 1408K, reserved 1048576K
Event: 2.007 GC heap after
Heap after GC invocations=1 (full 0):
 PSYoungGen      total 57344K, used 7225K [0x0000000780980000, 0x0000000784980000, 0x00000007c0000000)
  eden space 49152K, 0% used [0x0000000780980000,0x0000000780980000,0x0000000783980000)
  from space 8192K, 88% used [0x0000000783980000,0x000000078408e5e8,0x0000000784180000)
  to   space 8192K, 0% used [0x0000000784180000,0x0000000784180000,0x0000000784980000)
 ParOldGen       total 131072K, used 16K [0x0000000701c00000, 0x0000000709c00000, 0x0000000780980000)
  object space 131072K, 0% used [0x0000000701c00000,0x0000000701c04000,0x0000000709c00000)
 Metaspace       used 9820K, capacity 10024K, committed 10368K, reserved 1058816K
  class space    used 1257K, capacity 1313K, committed 1408K, reserved 1048576K
}
Event: 3.083 GC heap before
{Heap before GC invocations=2 (full 0):
 PSYoungGen      total 57344K, used 56377K [0x0000000780980000, 0x0000000784980000, 0x00000007c0000000)
  eden space 49152K, 100% used [0x0000000780980000,0x0000000783980000,0x0000000783980000)
  from space 8192K, 88% used [0x0000000783980000,0x000000078408e5e8,0x0000000784180000)
  to   space 8192K, 0% used [0x0000000784180000,0x0000000784180000,0x0000000784980000)
 ParOldGen       total 131072K, used 16K [0x0000000701c00000, 0x0000000709c00000, 0x0000000780980000)
  object space 131072K, 0% used [0x0000000701c00000,0x0000000701c04000,0x0000000709c00000)
 Metaspace       used 12699K, capacity 12978K, committed 13184K, reserved 1060864K
  class space    used 1539K, capacity 1615K, committed 1664K, reserved 1048576K
Event: 3.095 GC heap after
Heap after GC invocations=2 (full 0):
 PSYoungGen      total 57344K, used 7190K [0x0000000780980000, 0x0000000784980000, 0x00000007c0000000)
  eden space 49152K, 0% used [0x0000000780980000,0x0000000780980000,0x0000000783980000)
  from space 8192K, 87% used [0x0000000784180000,0x0000000784885a08,0x0000000784980000)
  to   space 8192K, 0% used [0x0000000783980000,0x0000000783980000,0x0000000784180000)
 ParOldGen       total 131072K, used 24K [0x0000000701c00000, 0x0000000709c00000, 0x0000000780980000)
  object space 131072K, 0% used [0x0000000701c00000,0x0000000701c06000,0x0000000709c00000)
 Metaspace       used 12699K, capacity 12978K, committed 13184K, reserved 1060864K
  class space    used 1539K, capacity 1615K, committed 1664K, reserved 1048576K
}
Event: 3.817 GC heap before
{Heap before GC invocations=3 (full 0):
 PSYoungGen      total 57344K, used 56342K [0x0000000780980000, 0x0000000784980000, 0x00000007c0000000)
  eden space 49152K, 100% used [0x0000000780980000,0x0000000783980000,0x0000000783980000)
  from space 8192K, 87% used [0x0000000784180000,0x0000000784885a08,0x0000000784980000)
  to   space 8192K, 0% used [0x0000000783980000,0x0000000783980000,0x0000000784180000)
 ParOldGen       total 131072K, used 24K [0x0000000701c00000, 0x0000000709c00000, 0x0000000780980000)
  object space 131072K, 0% used [0x0000000701c00000,0x0000000701c06000,0x0000000709c00000)
 Metaspace       used 13396K, capacity 13674K, committed 13952K, reserved 1060864K
  class space    used 1593K, capacity 1655K, committed 1664K, reserved 1048576K
Event: 3.828 GC heap after
Heap after GC invocations=3 (full 0):
 PSYoungGen      total 57344K, used 8128K [0x0000000780980000, 0x0000000787980000, 0x00000007c0000000)
  eden space 49152K, 0% used [0x0000000780980000,0x0000000780980000,0x0000000783980000)
  from space 8192K, 99% used [0x0000000783980000,0x0000000784170020,0x0000000784180000)
  to   space 8192K, 0% used [0x0000000787180000,0x0000000787180000,0x0000000787980000)
 ParOldGen       total 131072K, used 32K [0x0000000701c00000, 0x0000000709c00000, 0x0000000780980000)
  object space 131072K, 0% used [0x0000000701c00000,0x0000000701c08000,0x0000000709c00000)
 Metaspace       used 13396K, capacity 13674K, committed 13952K, reserved 1060864K
  class space    used 1593K, capacity 1655K, committed 1664K, reserved 1048576K
}
Event: 5.045 GC heap before
{Heap before GC invocations=4 (full 0):
 PSYoungGen      total 57344K, used 57280K [0x0000000780980000, 0x0000000787980000, 0x00000007c0000000)
  eden space 49152K, 100% used [0x0000000780980000,0x0000000783980000,0x0000000783980000)
  from space 8192K, 99% used [0x0000000783980000,0x0000000784170020,0x0000000784180000)
  to   space 8192K, 0% used [0x0000000787180000,0x0000000787180000,0x0000000787980000)
 ParOldGen       total 131072K, used 32K [0x0000000701c00000, 0x0000000709c00000, 0x0000000780980000)
  object space 131072K, 0% used [0x0000000701c00000,0x0000000701c08000,0x0000000709c00000)
 Metaspace       used 14226K, capacity 14512K, committed 14848K, reserved 1062912K
  class space    used 1670K, capacity 1762K, committed 1792K, reserved 1048576K
Event: 5.056 GC heap after
Heap after GC invocations=4 (full 0):
 PSYoungGen      total 106496K, used 8160K [0x0000000780980000, 0x0000000787980000, 0x00000007c0000000)
  eden space 98304K, 0% used [0x0000000780980000,0x0000000780980000,0x0000000786980000)
  from space 8192K, 99% used [0x0000000787180000,0x0000000787978020,0x0000000787980000)
  to   space 8192K, 0% used [0x0000000786980000,0x0000000786980000,0x0000000787180000)
 ParOldGen       total 131072K, used 1752K [0x0000000701c00000, 0x0000000709c00000, 0x0000000780980000)
  object space 131072K, 1% used [0x0000000701c00000,0x0000000701db63e8,0x0000000709c00000)
 Metaspace       used 14226K, capacity 14512K, committed 14848K, reserved 1062912K
  class space    used 1670K, capacity 1762K, committed 1792K, reserved 1048576K
}

